# JRE version: OpenJDK Runtime Environment (8.0_152-b06) (build 1.8.0_152-release-1136-b06)
# Java VM: OpenJDK 64-Bit Server VM (25.152-b06 mixed mode windows-amd64 compressed oops)
Heap:
 PSYoungGen      total 459776K, used 425173K [0x00000000e0000000, 0x00000000ffb80000, 0x0000000100000000)
  eden space 402432K, 100% used [0x00000000e0000000,0x00000000f8900000,0x00000000f8900000)
  from space 57344K, 39% used [0x00000000f8900000,0x00000000f9f35738,0x00000000fc100000)
  to   space 54784K, 35% used [0x00000000fc600000,0x00000000fd935788,0x00000000ffb80000)
 ParOldGen       total 908800K, used 584729K [0x00000000a0000000, 0x00000000d7780000, 0x00000000e0000000)
  object space 908800K, 64% used [0x00000000a0000000,0x00000000c3b067f8,0x00000000d7780000)
 Metaspace       used 95448K, capacity 101556K, committed 101652K, reserved 1138688K
  class space    used 11848K, capacity 13017K, committed 13076K, reserved 1048576K
GC Heap History (10 events):
Event: 3428.862 GC heap after
Heap after GC invocations=41 (full 4):
 PSYoungGen      total 451072K, used 21125K [0x00000000e0000000, 0x00000000ffc00000, 0x0000000100000000)
  eden space 382976K, 0% used [0x00000000e0000000,0x00000000e0000000,0x00000000f7600000)
  from space 68096K, 31% used [0x00000000f7600000,0x00000000f8aa1798,0x00000000fb880000)
  to   space 65536K, 0% used [0x00000000fbc00000,0x00000000fbc00000,0x00000000ffc00000)
 ParOldGen       total 384000K, used 60417K [0x00000000a0000000, 0x00000000b7700000, 0x00000000e0000000)
  object space 384000K, 15% used [0x00000000a0000000,0x00000000a3b007d8,0x00000000b7700000)
 Metaspace       used 94772K, capacity 100650K, committed 100756K, reserved 1136640K
  class space    used 11799K, capacity 12925K, committed 12948K, reserved 1048576K
}
Event: 3450.250 GC heap before
{Heap before GC invocations=42 (full 4):
 PSYoungGen      total 451072K, used 404101K [0x00000000e0000000, 0x00000000ffc00000, 0x0000000100000000)
  eden space 382976K, 100% used [0x00000000e0000000,0x00000000f7600000,0x00000000f7600000)
  from space 68096K, 31% used [0x00000000f7600000,0x00000000f8aa1798,0x00000000fb880000)
  to   space 65536K, 0% used [0x00000000fbc00000,0x00000000fbc00000,0x00000000ffc00000)
 ParOldGen       total 384000K, used 60417K [0x00000000a0000000, 0x00000000b7700000, 0x00000000e0000000)
  object space 384000K, 15% used [0x00000000a0000000,0x00000000a3b007d8,0x00000000b7700000)
 Metaspace       used 94915K, capacity 100810K, committed 101012K, reserved 1136640K
  class space    used 11804K, capacity 12929K, committed 12948K, reserved 1048576K
Event: 3450.280 GC heap after
Heap after GC invocations=42 (full 4):
 PSYoungGen      total 451584K, used 23318K [0x00000000e0000000, 0x00000000ff780000, 0x0000000100000000)
  eden space 390656K, 0% used [0x00000000e0000000,0x00000000e0000000,0x00000000f7d80000)
  from space 60928K, 38% used [0x00000000fbc00000,0x00000000fd2c5918,0x00000000ff780000)
  to   space 62464K, 0% used [0x00000000f7d80000,0x00000000f7d80000,0x00000000fba80000)
 ParOldGen       total 384000K, used 60417K [0x00000000a0000000, 0x00000000b7700000, 0x00000000e0000000)
  object space 384000K, 15% used [0x00000000a0000000,0x00000000a3b007d8,0x00000000b7700000)
 Metaspace       used 94915K, capacity 100810K, committed 101012K, reserved 1136640K
  class space    used 11804K, capacity 12929K, committed 12948K, reserved 1048576K
}
Event: 3459.924 GC heap before
{Heap before GC invocations=43 (full 4):
 PSYoungGen      total 451584K, used 413974K [0x00000000e0000000, 0x00000000ff780000, 0x0000000100000000)
  eden space 390656K, 100% used [0x00000000e0000000,0x00000000f7d80000,0x00000000f7d80000)
  from space 60928K, 38% used [0x00000000fbc00000,0x00000000fd2c5918,0x00000000ff780000)
  to   space 62464K, 0% used [0x00000000f7d80000,0x00000000f7d80000,0x00000000fba80000)
 ParOldGen       total 384000K, used 60417K [0x00000000a0000000, 0x00000000b7700000, 0x00000000e0000000)
  object space 384000K, 15% used [0x00000000a0000000,0x00000000a3b007d8,0x00000000b7700000)
 Metaspace       used 94936K, capacity 100810K, committed 101012K, reserved 1136640K
  class space    used 11804K, capacity 12929K, committed 12948K, reserved 1048576K
Event: 3459.966 GC heap after
Heap after GC invocations=43 (full 4):
 PSYoungGen      total 453120K, used 27908K [0x00000000e0000000, 0x00000000ffb80000, 0x0000000100000000)
  eden space 390656K, 0% used [0x00000000e0000000,0x00000000e0000000,0x00000000f7d80000)
  from space 62464K, 44% used [0x00000000f7d80000,0x00000000f98c12c0,0x00000000fba80000)
  to   space 59392K, 0% used [0x00000000fc180000,0x00000000fc180000,0x00000000ffb80000)
 ParOldGen       total 384000K, used 60417K [0x00000000a0000000, 0x00000000b7700000, 0x00000000e0000000)
  object space 384000K, 15% used [0x00000000a0000000,0x00000000a3b007d8,0x00000000b7700000)
 Metaspace       used 94936K, capacity 100810K, committed 101012K, reserved 1136640K
  class space    used 11804K, capacity 12929K, committed 12948K, reserved 1048576K
}
Event: 3570.986 GC heap before
{Heap before GC invocations=44 (full 4):
 PSYoungGen      total 453120K, used 418564K [0x00000000e0000000, 0x00000000ffb80000, 0x0000000100000000)
  eden space 390656K, 100% used [0x00000000e0000000,0x00000000f7d80000,0x00000000f7d80000)
  from space 62464K, 44% used [0x00000000f7d80000,0x00000000f98c12c0,0x00000000fba80000)
  to   space 59392K, 0% used [0x00000000fc180000,0x00000000fc180000,0x00000000ffb80000)
 ParOldGen       total 384000K, used 60417K [0x00000000a0000000, 0x00000000b7700000, 0x00000000e0000000)
  object space 384000K, 15% used [0x00000000a0000000,0x00000000a3b007d8,0x00000000b7700000)
 Metaspace       used 94983K, capacity 100956K, committed 101012K, reserved 1136640K
  class space    used 11805K, capacity 12932K, committed 12948K, reserved 1048576K
Event: 3571.004 GC heap after
Heap after GC invocations=44 (full 4):
 PSYoungGen      total 459264K, used 19111K [0x00000000e0000000, 0x00000000ff900000, 0x0000000100000000)
  eden space 402432K, 0% used [0x00000000e0000000,0x00000000e0000000,0x00000000f8900000)
  from space 56832K, 33% used [0x00000000fc180000,0x00000000fd429fd8,0x00000000ff900000)
  to   space 57344K, 0% used [0x00000000f8900000,0x00000000f8900000,0x00000000fc100000)
 ParOldGen       total 384000K, used 60425K [0x00000000a0000000, 0x00000000b7700000, 0x00000000e0000000)
  object space 384000K, 15% used [0x00000000a0000000,0x00000000a3b027d8,0x00000000b7700000)
 Metaspace       used 94983K, capacity 100956K, committed 101012K, reserved 1136640K
  class space    used 11805K, capacity 12932K, committed 12948K, reserved 1048576K
}
Event: 3619.649 GC heap before
{Heap before GC invocations=45 (full 4):
 PSYoungGen      total 459264K, used 421543K [0x00000000e0000000, 0x00000000ff900000, 0x0000000100000000)
  eden space 402432K, 100% used [0x00000000e0000000,0x00000000f8900000,0x00000000f8900000)
  from space 56832K, 33% used [0x00000000fc180000,0x00000000fd429fd8,0x00000000ff900000)
  to   space 57344K, 0% used [0x00000000f8900000,0x00000000f8900000,0x00000000fc100000)
 ParOldGen       total 384000K, used 60425K [0x00000000a0000000, 0x00000000b7700000, 0x00000000e0000000)
  object space 384000K, 15% used [0x00000000a0000000,0x00000000a3b027d8,0x00000000b7700000)
 Metaspace       used 95286K, capacity 101316K, committed 101396K, reserved 1138688K
  class space    used 11842K, capacity 13009K, committed 13076K, reserved 1048576K
Event: 3619.673 GC heap after
Heap after GC invocations=45 (full 4):
 PSYoungGen      total 459776K, used 22741K [0x00000000e0000000, 0x00000000ffb80000, 0x0000000100000000)
  eden space 402432K, 0% used [0x00000000e0000000,0x00000000e0000000,0x00000000f8900000)
  from space 57344K, 39% used [0x00000000f8900000,0x00000000f9f35738,0x00000000fc100000)
  to   space 54784K, 0% used [0x00000000fc600000,0x00000000fc600000,0x00000000ffb80000)
 ParOldGen       total 384000K, used 60433K [0x00000000a0000000, 0x00000000b7700000, 0x00000000e0000000)
  object space 384000K, 15% used [0x00000000a0000000,0x00000000a3b047d8,0x00000000b7700000)
 Metaspace       used 95286K, capacity 101316K, committed 101396K, reserved 1138688K
  class space    used 11842K, capacity 13009K, committed 13076K, reserved 1048576K
}
Event: 3642.335 GC heap before
{Heap before GC invocations=46 (full 4):
 PSYoungGen      total 459776K, used 425173K [0x00000000e0000000, 0x00000000ffb80000, 0x0000000100000000)
  eden space 402432K, 100% used [0x00000000e0000000,0x00000000f8900000,0x00000000f8900000)
  from space 57344K, 39% used [0x00000000f8900000,0x00000000f9f35738,0x00000000fc100000)
  to   space 54784K, 0% used [0x00000000fc600000,0x00000000fc600000,0x00000000ffb80000)
 ParOldGen       total 384000K, used 60433K [0x00000000a0000000, 0x00000000b7700000, 0x00000000e0000000)
  object space 384000K, 15% used [0x00000000a0000000,0x00000000a3b047d8,0x00000000b7700000)
 Metaspace       used 95448K, capacity 101556K, committed 101652K, reserved 1138688K
  class space    used 11848K, capacity 13017K, committed 13076K, reserved 1048576K

